<?xml version="1.0" encoding="UTF-8"?>
<testsuite xmlns:xsi="http://www.w3.org/2001/XMLSchema-instance" xsi:noNamespaceSchemaLocation="https://maven.apache.org/surefire/maven-surefire-plugin/xsd/surefire-test-report.xsd" name="com.superhero.service.HeroServiceTest" time="0.015" tests="3" errors="0" skipped="3" failures="0">
  <properties>
[...]
</properties>
  <testcase name="whenInvalidId_HeroShouldNotBeFound" classname="com.superhero.service.HeroServiceTest" time="0">
    <skipped/>
    <system-out><![CDATA[2019-06-16 16:23:33.990  INFO 58389 --- [           main] o.s.t.c.s.DefaultTestContextBootstrapper : Neither @ContextConfiguration nor @ContextHierarchy found for test class [com.superhero.service.HeroServiceTest], using DelegatingSmartContextLoader
2019-06-16 16:23:33.992  INFO 58389 --- [           main] o.s.t.c.support.AbstractContextLoader    : Could not detect default resource locations for test class [com.superhero.service.HeroServiceTest]: no resource found for suffixes {-context.xml}.
2019-06-16 16:23:33.995  INFO 58389 --- [           main] c.s.AbstractDelegatingSmartContextLoader : AnnotationConfigContextLoader detected default configuration classes for context configuration [ContextConfigurationAttributes@2aac87ab declaringClass = 'com.superhero.service.HeroServiceTest', classes = '{class com.superhero.service.HeroServiceTest$HeroServiceContextConfiguration}', locations = '{}', inheritLocations = false, initializers = '{}', inheritInitializers = true, name = [null], contextLoaderClass = 'org.springframework.test.context.ContextLoader'].
2019-06-16 16:23:33.998  INFO 58389 --- [           main] o.s.t.c.s.DefaultTestContextBootstrapper : Loaded default TestExecutionListener class names from location [META-INF/spring.factories]: [org.springframework.boot.test.mock.mockito.MockitoTestExecutionListener, org.springframework.boot.test.mock.mockito.ResetMocksTestExecutionListener, org.springframework.boot.test.autoconfigure.restdocs.RestDocsTestExecutionListener, org.springframework.boot.test.autoconfigure.web.client.MockRestServiceServerResetTestExecutionListener, org.springframework.boot.test.autoconfigure.web.servlet.MockMvcPrintOnlyOnFailureTestExecutionListener, org.springframework.boot.test.autoconfigure.web.servlet.WebDriverTestExecutionListener, org.springframework.test.context.web.ServletTestExecutionListener, org.springframework.test.context.support.DirtiesContextBeforeModesTestExecutionListener, org.springframework.test.context.support.DependencyInjectionTestExecutionListener, org.springframework.test.context.support.DirtiesContextTestExecutionListener, org.springframework.test.context.transaction.TransactionalTestExecutionListener, org.springframework.test.context.jdbc.SqlScriptsTestExecutionListener]
2019-06-16 16:23:33.999  INFO 58389 --- [           main] o.s.t.c.s.DefaultTestContextBootstrapper : Using TestExecutionListeners: [org.springframework.test.context.web.ServletTestExecutionListener@72c5064f, org.springframework.test.context.support.DirtiesContextBeforeModesTestExecutionListener@4a0c04ab, org.springframework.boot.test.mock.mockito.MockitoTestExecutionListener@453439e, org.springframework.test.context.support.DependencyInjectionTestExecutionListener@2d33795c, org.springframework.test.context.support.DirtiesContextTestExecutionListener@779ef5cb, org.springframework.test.context.transaction.TransactionalTestExecutionListener@5d9d8ecf, org.springframework.test.context.jdbc.SqlScriptsTestExecutionListener@43cc7951, org.springframework.boot.test.mock.mockito.ResetMocksTestExecutionListener@758311ed, org.springframework.boot.test.autoconfigure.restdocs.RestDocsTestExecutionListener@7533923b, org.springframework.boot.test.autoconfigure.web.client.MockRestServiceServerResetTestExecutionListener@446981a4, org.springframework.boot.test.autoconfigure.web.servlet.MockMvcPrintOnlyOnFailureTestExecutionListener@644f6e89, org.springframework.boot.test.autoconfigure.web.servlet.WebDriverTestExecutionListener@9ae0794]
]]></system-out>
  </testcase>
  <testcase name="whenFindAll_ReturnHeroesList" classname="com.superhero.service.HeroServiceTest" time="0">
    <skipped/>
  </testcase>
  <testcase name="whenGetById_HeroShouldBeFound" classname="com.superhero.service.HeroServiceTest" time="0">
    <skipped/>
  </testcase>
</testsuite>